<?xml version="1.0" encoding="UTF-8"?>
<testsuite xmlns:xsi="http://www.w3.org/2001/XMLSchema-instance" xsi:schemaLocation="https://maven.apache.org/surefire/maven-surefire-plugin/xsd/surefire-test-report.xsd" name="com.pnt.LoginTest" time="538.531" tests="5" errors="2" skipped="0" failures="0">
  <properties>
[...]
</properties>
  <testcase name="loginWithValidCredentials" classname="com.pnt.LoginTest" time="116.897"/>
  <testcase name="loginWithValidCredentials2" classname="com.pnt.LoginTest" time="127.483"/>
  <testcase name="loginWithValidCredentials3" classname="com.pnt.LoginTest" time="104.396">
    <error message="Can&apos;t locate an element by this strategy: Locator map: &#10;- native content: &quot;By.id: com.rfi.sams.android:id/sign_in_button&quot; &#10;- html content: &quot;by id or name &quot;btnSignIn&quot;&quot;&#10;For documentation on this error, please visit: http://seleniumhq.org/exceptions/no_such_element.html&#10;Build info: version: &apos;2.53.1&apos;, revision: &apos;a36b8b1cd5757287168e54b817830adce9b0158d&apos;, time: &apos;2016-06-30 19:26:09&apos;&#10;System info: host: &apos;Srikanths-Mac-mini.local&apos;, ip: &apos;10.0.0.11&apos;, os.name: &apos;Mac OS X&apos;, os.arch: &apos;x86_64&apos;, os.version: &apos;10.12&apos;, java.version: &apos;1.8.0_111&apos;&#10;Driver info: driver.version: unknown" type="org.openqa.selenium.NoSuchElementException">org.openqa.selenium.NoSuchElementException: 
Can't locate an element by this strategy: Locator map: 
- native content: "By.id: com.rfi.sams.android:id/sign_in_button" 
- html content: "by id or name "btnSignIn""
For documentation on this error, please visit: http://seleniumhq.org/exceptions/no_such_element.html
Build info: version: '2.53.1', revision: 'a36b8b1cd5757287168e54b817830adce9b0158d', time: '2016-06-30 19:26:09'
System info: host: 'Srikanths-Mac-mini.local', ip: '10.0.0.11', os.name: 'Mac OS X', os.arch: 'x86_64', os.version: '10.12', java.version: '1.8.0_111'
Driver info: driver.version: unknown
	at com.pnt.LoginTest.loginWithValidCredentials3(LoginTest.java:34)
</error>
  </testcase>
  <testcase name="loginWithValidCredentials4" classname="com.pnt.LoginTest" time="101.442"/>
  <testcase name="loginWithValidCredentials5" classname="com.pnt.LoginTest" time="88.17">
    <error message="Can&apos;t locate an element by this strategy: Locator map: &#10;- native content: &quot;By.id: com.rfi.sams.android:id/sign_in_button&quot; &#10;- html content: &quot;by id or name &quot;btnSignIn&quot;&quot;&#10;For documentation on this error, please visit: http://seleniumhq.org/exceptions/no_such_element.html&#10;Build info: version: &apos;2.53.1&apos;, revision: &apos;a36b8b1cd5757287168e54b817830adce9b0158d&apos;, time: &apos;2016-06-30 19:26:09&apos;&#10;System info: host: &apos;Srikanths-Mac-mini.local&apos;, ip: &apos;10.0.0.11&apos;, os.name: &apos;Mac OS X&apos;, os.arch: &apos;x86_64&apos;, os.version: &apos;10.12&apos;, java.version: &apos;1.8.0_111&apos;&#10;Driver info: driver.version: unknown" type="org.openqa.selenium.NoSuchElementException">org.openqa.selenium.NoSuchElementException: 
Can't locate an element by this strategy: Locator map: 
- native content: "By.id: com.rfi.sams.android:id/sign_in_button" 
- html content: "by id or name "btnSignIn""
For documentation on this error, please visit: http://seleniumhq.org/exceptions/no_such_element.html
Build info: version: '2.53.1', revision: 'a36b8b1cd5757287168e54b817830adce9b0158d', time: '2016-06-30 19:26:09'
System info: host: 'Srikanths-Mac-mini.local', ip: '10.0.0.11', os.name: 'Mac OS X', os.arch: 'x86_64', os.version: '10.12', java.version: '1.8.0_111'
Driver info: driver.version: unknown
	at com.pnt.LoginTest.loginWithValidCredentials5(LoginTest.java:46)
</error>
  </testcase>
</testsuite>